[2025-10-16 14:05:48] [1/10] Fetching common names for Agaricus augustus...
[2025-10-16 14:05:50]  -> found 2 names: ['the prince', 'فطر الأمير']
[2025-10-16 14:05:50] [2/10] Fetching common names for Agaricus xanthodermus...
[2025-10-16 14:05:53]  -> found 1 names: ['the yellow-staining agaricus']
[2025-10-16 14:05:53] [3/10] Fetching common names for Amanita amerirubescens...
[2025-10-16 14:05:54]  -> none found
[2025-10-16 14:05:55] [4/10] Fetching common names for Amanita augusta...
[2025-10-16 14:05:57]  -> found 2 names: ['the western yellow-veil', 'western yellow-veiled amanita']
[2025-10-16 14:05:57] [5/10] Fetching common names for Amanita brunnescens...
[2025-10-16 14:06:00]  -> none found
[2025-10-16 14:06:00] [6/10] Fetching common names for Amanita calyptroderma...
[2025-10-16 14:06:02]  -> found 1 names: ['coccora']
[2025-10-16 14:06:03] [7/10] Fetching common names for Amanita citrina...
[2025-10-16 14:06:05]  -> found 3 names: ['false death cap', 'citron amanita', 'the false death cap']
[2025-10-16 14:06:06] [8/10] Fetching common names for Amanita flavoconia...
[2025-10-16 14:06:07]  -> found 1 names: ['yellow patches']
[2025-10-16 14:06:08] [9/10] Fetching common names for Amanita muscaria...
[2025-10-16 14:06:09]  -> found 4 names: ['fly amanita', 'fly agaric', 'bug agaric', 'the fly agaric']
[2025-10-16 14:06:10] [10/10] Fetching common names for Amanita pantherina...
[2025-10-16 14:06:14]  -> found 4 names: ['panther cap', 'false blusher', 'panther amanita', 'the panther cap']
[2025-10-16 14:06:15] Done. Species scanned: 10. Updated with common names for 8 species.
[2025-10-16 14:06:15] Wrote: /zfs/ai4good/student/hgupta/enhanced_with_common_names_prompts.json, /zfs/ai4good/student/hgupta/common_names_cache.json, /zfs/ai4good/student/hgupta/common_names_mapping.csv
[2025-10-16 14:10:14] [1/10] Agaricus augustus -> cached (2 names)
[2025-10-16 14:10:14] [2/10] Agaricus xanthodermus -> cached (1 names)
[2025-10-16 14:10:14] [3/10] Fetching common names for Amanita amerirubescens...
[2025-10-16 14:10:15]  -> none found
[2025-10-16 14:10:15] [4/10] Amanita augusta -> cached (2 names)
[2025-10-16 14:10:15] [5/10] Fetching common names for Amanita brunnescens...
[2025-10-16 14:10:17]  -> none found
[2025-10-16 14:10:17] [6/10] Amanita calyptroderma -> cached (1 names)
[2025-10-16 14:10:17] [7/10] Amanita citrina -> cached (3 names)
[2025-10-16 14:10:17] [8/10] Amanita flavoconia -> cached (1 names)
[2025-10-16 14:10:17] [9/10] Amanita muscaria -> cached (4 names)
[2025-10-16 14:10:17] [10/10] Amanita pantherina -> cached (4 names)
[2025-10-16 14:10:17] Done. Species scanned: 10. Updated with common names for 0 species.
[2025-10-16 14:10:17] Wrote: /zfs/ai4good/student/hgupta/enhanced_with_common_names_prompts.json, /zfs/ai4good/student/hgupta/common_names_cache.json, /zfs/ai4good/student/hgupta/common_names_mapping.csv
[2025-10-16 14:11:25] [1/169] Agaricus augustus -> cached (2 names)
[2025-10-16 14:11:25] [2/169] Agaricus xanthodermus -> cached (1 names)
[2025-10-16 14:11:25] [3/169] Fetching common names for Amanita amerirubescens...
[2025-10-16 14:11:26]  -> none found
[2025-10-16 14:11:27] [4/169] Amanita augusta -> cached (2 names)
[2025-10-16 14:11:27] [5/169] Fetching common names for Amanita brunnescens...
[2025-10-16 14:11:28]  -> none found
[2025-10-16 14:11:29] [6/169] Amanita calyptroderma -> cached (1 names)
[2025-10-16 14:11:29] [7/169] Amanita citrina -> cached (3 names)
[2025-10-16 14:11:29] [8/169] Amanita flavoconia -> cached (1 names)
[2025-10-16 14:11:29] [9/169] Amanita muscaria -> cached (4 names)
[2025-10-16 14:11:29] [10/169] Amanita pantherina -> cached (4 names)
[2025-10-16 14:11:29] [11/169] Fetching common names for Amanita persicina...
[2025-10-16 14:11:30]  -> found 2 names: ['peach-colored fly agaric', 'the peach-colored fly agaric']
[2025-10-16 14:11:31] [12/169] Fetching common names for Amanita phalloides...
[2025-10-16 14:11:32]  -> found 2 names: ['death cap', 'the death cap']
[2025-10-16 14:11:33] [13/169] Fetching common names for Amanita rubescens...
[2025-10-16 14:11:34]  -> found 1 names: ['Blusher']
[2025-10-16 14:11:35] [14/169] Fetching common names for Amanita velosa...
[2025-10-16 14:11:38]  -> found 1 names: ['the springtime amanita']
[2025-10-16 14:11:39] [15/169] Fetching common names for Apioperdon pyriforme...
[2025-10-16 14:11:40]  -> none found
[2025-10-16 14:11:40] [16/169] Fetching common names for Armillaria borealis...
[2025-10-16 14:11:42]  -> none found
[2025-10-16 14:11:42] [17/169] Fetching common names for Armillaria mellea...
[2025-10-16 14:11:44]  -> found 1 names: ['honey fungus']
[2025-10-16 14:11:44] [18/169] Fetching common names for Armillaria tabescens...
[2025-10-16 14:11:46]  -> none found
[2025-10-16 14:11:46] [19/169] Fetching common names for Artomyces pyxidatus...
[2025-10-16 14:11:48]  -> none found
[2025-10-16 14:11:48] [20/169] Fetching common names for Bjerkandera adusta...
[2025-10-16 14:11:50]  -> found 3 names: ['smoky polypore or smoky bracket', 'the smoky polypore', 'smoky bracket']
[2025-10-16 14:11:50] [21/169] Fetching common names for Bolbitius titubans...
[2025-10-16 14:11:52]  -> found 1 names: ['the sunny side up is a widespread species of mushroom found in North America']
[2025-10-16 14:11:52] [22/169] Fetching common names for Boletus edulis...
[2025-10-16 14:11:55]  -> found 10 names: ['porcino', 'bollo de centavo', 'boletus', 'champiñón', 'cep', 'penny bun', 'porcini', 'porcinis', 'cèpe', 'porcini mushroom']
[2025-10-16 14:11:55] [23/169] Fetching common names for Boletus pallidus...
[2025-10-16 14:11:57]  -> none found
[2025-10-16 14:11:58] [24/169] Fetching common names for Boletus reticulatus...
[2025-10-16 14:12:00]  -> found 2 names: ['summer cep', 'Quercus']
[2025-10-16 14:12:00] [25/169] Fetching common names for Boletus rex-veris...
[2025-10-16 14:12:02]  -> found 1 names: ['the spring king bolete']
[2025-10-16 14:12:02] [26/169] Fetching common names for Calocera viscosa...
[2025-10-16 14:12:04]  -> found 1 names: ['yellow stagshorn']
[2025-10-16 14:12:04] [27/169] Fetching common names for Calycina citrina...
[2025-10-16 14:12:06]  -> none found
[2025-10-16 14:12:06] [28/169] Fetching common names for Cantharellus californicus...
[2025-10-16 14:12:08]  -> none found
[2025-10-16 14:12:09] [29/169] Fetching common names for Cantharellus cibarius...
[2025-10-16 14:12:11]  -> found 2 names: ['golden chanterelle mushroom', 'girolle']
[2025-10-16 14:12:11] [30/169] Fetching common names for Cantharellus cinnabarinus...
[2025-10-16 14:12:13]  -> none found
[2025-10-16 14:12:13] [31/169] Fetching common names for Cerioporus squamosus...
[2025-10-16 14:12:15]  -> found 2 names: ["pheasant's back mushroom", "dryad's saddle"]
[2025-10-16 14:12:16] [32/169] Fetching common names for Cetraria islandica...
[2025-10-16 14:12:18]  -> none found
[2025-10-16 14:12:18] [33/169] Fetching common names for Chlorociboria aeruginascens...
[2025-10-16 14:12:20]  -> found 1 names: ['the blue stain']
[2025-10-16 14:12:20] [34/169] Fetching common names for Chlorophyllum brunneum...
[2025-10-16 14:12:21]  -> none found
[2025-10-16 14:12:22] [35/169] Fetching common names for Chlorophyllum molybdites...
[2025-10-16 14:12:23]  -> found 1 names: ['the green-spored parasol']
[2025-10-16 14:12:24] [36/169] Fetching common names for Chondrostereum purpureum...
[2025-10-16 14:12:25]  -> none found
[2025-10-16 14:12:26] [37/169] Fetching common names for Cladonia fimbriata...
[2025-10-16 14:12:28]  -> none found
[2025-10-16 14:12:28] [38/169] Fetching common names for Cladonia rangiferina...
[2025-10-16 14:12:30]  -> found 1 names: ['reindeer cup lichen']
[2025-10-16 14:12:31] [39/169] Fetching common names for Cladonia stellaris...
[2025-10-16 14:12:32]  -> none found
[2025-10-16 14:12:33] [40/169] Fetching common names for Clitocybe nebularis...
[2025-10-16 14:12:34]  -> found 1 names: ['the clouded agaric']
[2025-10-16 14:12:35] [41/169] Fetching common names for Clitocybe nuda...
[2025-10-16 14:12:36]  -> none found
[2025-10-16 14:12:36] [42/169] Fetching common names for Coltricia perennis...
[2025-10-16 14:12:38]  -> none found
[2025-10-16 14:12:38] [43/169] Fetching common names for Coprinellus disseminatus...
[2025-10-16 14:12:40]  -> found 1 names: ['the fairy inkcap']
[2025-10-16 14:12:40] [44/169] Fetching common names for Coprinellus micaceus...
[2025-10-16 14:12:42]  -> found 4 names: ['mica cap', 'glistening inky cap', 'shiny cap', 'the mica cap']
[2025-10-16 14:12:42] [45/169] Fetching common names for Coprinopsis atramentaria...
[2025-10-16 14:12:44]  -> found 6 names: ['common inkcap', 'smooth ink cap', 'gray inkcap', 'inky cap', "tippler's bane", 'the alcohol inky cap']
[2025-10-16 14:12:44] [46/169] Fetching common names for Coprinopsis lagopus...
[2025-10-16 14:12:46]  -> found 1 names: ["the hare's foot inkcap"]
[2025-10-16 14:12:46] [47/169] Fetching common names for Coprinus comatus...
[2025-10-16 14:12:48]  -> found 4 names: ['shaggy ink cap', "lawyers' wig", 'shaggy Mane', 'the shaggy ink cap']
[2025-10-16 14:12:49] [48/169] Fetching common names for Crucibulum laeve...
[2025-10-16 14:12:50]  -> none found
[2025-10-16 14:12:50] [49/169] Fetching common names for Cryptoporus volvatus...
[2025-10-16 14:12:52]  -> found 2 names: ['the veiled polypore', 'cryptic globe fungus']
[2025-10-16 14:12:52] [50/169] Fetching common names for Daedaleopsis confragosa...
[2025-10-16 14:12:54]  -> found 2 names: ['the thin-walled maze polypore', 'the blushing bracket']
[2025-10-16 14:12:54] [51/169] Fetching common names for Daedaleopsis tricolor...
[2025-10-16 14:12:55]  -> none found
[2025-10-16 14:12:56] [52/169] Fetching common names for Entoloma abortivum...
[2025-10-16 14:12:58]  -> found 2 names: ['the aborted entoloma', 'shrimp of the woods']
[2025-10-16 14:12:58] [53/169] Fetching common names for Evernia mesomorpha...
[2025-10-16 14:13:00]  -> none found
[2025-10-16 14:13:01] [54/169] Fetching common names for Evernia prunastri...
[2025-10-16 14:13:03]  -> found 1 names: ['Oakmoss']
[2025-10-16 14:13:03] [55/169] Fetching common names for Flammulina velutipes...
[2025-10-16 14:13:05]  -> found 6 names: ['enokitake', 'golden needle mushroom', 'lily mushroom', 'futu mushroom', 'Velvet Shank', 'enoki']
[2025-10-16 14:13:05] [56/169] Fetching common names for Fomes fomentarius...
[2025-10-16 14:13:07]  -> found 1 names: ['tinder conk']
[2025-10-16 14:13:07] [57/169] Fetching common names for Fomitopsis betulina...
[2025-10-16 14:13:09]  -> found 4 names: ['birch polypore', 'birch bracket', 'razor strop', 'the birch polypore']
[2025-10-16 14:13:09] [58/169] Fetching common names for Fomitopsis mounceae...
[2025-10-16 14:13:11]  -> none found
[2025-10-16 14:13:11] [59/169] Fetching common names for Fomitopsis pinicola...
[2025-10-16 14:13:14]  -> none found
[2025-10-16 14:13:14] [60/169] Fetching common names for Galerina marginata...
[2025-10-16 14:13:16]  -> none found
[2025-10-16 14:13:16] [61/169] Fetching common names for Ganoderma applanatum...
[2025-10-16 14:13:18]  -> found 2 names: ['Artistís fungus', 'Artistis Conk']
[2025-10-16 14:13:19] [62/169] Fetching common names for Ganoderma curtisii...
[2025-10-16 14:13:21]  -> none found
[2025-10-16 14:13:22] [63/169] Fetching common names for Ganoderma oregonense...
[2025-10-16 14:13:23]  -> none found
[2025-10-16 14:13:23] [64/169] Fetching common names for Ganoderma tsugae...
[2025-10-16 14:13:26]  -> found 1 names: ['hemlock varnish shelf']
[2025-10-16 14:13:26] [65/169] Fetching common names for Gliophorus psittacinus...
[2025-10-16 14:13:28]  -> found 2 names: ['the parrot toadstool', 'parrot waxcap']
[2025-10-16 14:13:28] [66/169] Fetching common names for Gloeophyllum sepiarium...
[2025-10-16 14:13:30]  -> none found
[2025-10-16 14:13:30] [67/169] Fetching common names for Graphis scripta...
[2025-10-16 14:13:32]  -> none found
[2025-10-16 14:13:33] [68/169] Fetching common names for Grifola frondosa...
[2025-10-16 14:13:34]  -> found 4 names: ['maitake', 'hen-of-the-woods', "ram's head", "sheep's head"]
[2025-10-16 14:13:35] [69/169] Fetching common names for Gymnopilus luteofolius...
[2025-10-16 14:13:37]  -> none found
[2025-10-16 14:13:37] [70/169] Fetching common names for Gyromitra esculenta...
[2025-10-16 14:13:50]  -> found 1 names: ['6\xa0in']
[2025-10-16 14:13:50] [71/169] Fetching common names for Gyromitra gigas...
[2025-10-16 14:13:52]  -> found 1 names: ['the snow mushroom']
[2025-10-16 14:13:52] [72/169] Fetching common names for Gyromitra infula...
[2025-10-16 14:13:54]  -> found 2 names: ['the hooded false morel', 'the elfin saddle']
[2025-10-16 14:13:55] [73/169] Fetching common names for Hericium coralloides...
[2025-10-16 14:13:56]  -> found 2 names: ['coral tooth fungus', 'comb coral mushroom']
[2025-10-16 14:13:57] [74/169] Fetching common names for Hericium erinaceus...
[2025-10-16 14:13:58]  -> found 3 names: ["Lion's Mane", 'Yamabushitake', "lion's mane mushroom"]
[2025-10-16 14:13:59] [75/169] Fetching common names for Hygrophoropsis aurantiaca...
[2025-10-16 14:14:01]  -> found 2 names: ['false chanterelle', 'the false chanterelle']
[2025-10-16 14:14:01] [76/169] Fetching common names for Hypholoma fasciculare...
[2025-10-16 14:14:03]  -> found 2 names: ['the sulphur tuft', 'clustered woodlover']
[2025-10-16 14:14:03] [77/169] Fetching common names for Hypholoma lateritium...
[2025-10-16 14:14:05]  -> none found
[2025-10-16 14:14:05] [78/169] Fetching common names for Hypogymnia physodes...
[2025-10-16 14:14:07]  -> found 1 names: ["the monk's-hood lichen"]
[2025-10-16 14:14:08] [79/169] Fetching common names for Hypomyces lactifluorum...
[2025-10-16 14:14:10]  -> none found
[2025-10-16 14:14:10] [80/169] Fetching common names for Imleria badia...
[2025-10-16 14:14:12]  -> found 2 names: ['bay bolete', 'the bay bolete']
[2025-10-16 14:14:13] [81/169] Fetching common names for Inonotus obliquus...
[2025-10-16 14:14:15]  -> none found
[2025-10-16 14:14:15] [82/169] Fetching common names for Ischnoderma resinosum...
[2025-10-16 14:14:17]  -> found 1 names: ['the resinous polypore']
[2025-10-16 14:14:17] [83/169] Fetching common names for Kuehneromyces mutabilis...
[2025-10-16 14:14:19]  -> found 2 names: ['sheathed woodtuft', 'the sheathed woodtuft']
[2025-10-16 14:14:19] [84/169] Fetching common names for Laccaria ochropurpurea...
[2025-10-16 14:14:21]  -> none found
[2025-10-16 14:14:21] [85/169] Fetching common names for Lactarius deliciosus...
[2025-10-16 14:14:23]  -> found 3 names: ['saffron milk cap', 'red pine mushroom', 'the delicious milk cap']
[2025-10-16 14:14:24] [86/169] Fetching common names for Lactarius torminosus...
[2025-10-16 14:14:26]  -> found 4 names: ['woolly milkcap', 'bearded milkcap', 'the woolly milkcap', 'the bearded milkcap']
[2025-10-16 14:14:26] [87/169] Fetching common names for Lactarius turpis...
[2025-10-16 14:14:28]  -> found 2 names: ['ugly milk-cap', 'the ugly milk-cap in English']
[2025-10-16 14:14:29] [88/169] Fetching common names for Laetiporus sulphureus...
[2025-10-16 14:14:30]  -> found 3 names: ['chicken-of-the-woods', 'crab-of-the-woods', 'lobster-of-the-woods']
[2025-10-16 14:14:31] [89/169] Fetching common names for Leccinum albostipitatum...
[2025-10-16 14:14:32]  -> none found
[2025-10-16 14:14:33] [90/169] Fetching common names for Leccinum aurantiacum...
[2025-10-16 14:14:34]  -> found 1 names: ['red-capped scaber stalk']
[2025-10-16 14:14:35] [91/169] Fetching common names for Leccinum scabrum...
[2025-10-16 14:14:37]  -> found 4 names: ['rough-stemmed bolete', 'scaber stalk', 'birch bolete', 'the birch bolete']
[2025-10-16 14:14:37] [92/169] Fetching common names for Leccinum versipelle...
[2025-10-16 14:14:39]  -> found 1 names: ['orange birch bolete']
[2025-10-16 14:14:39] [93/169] Fetching common names for Lepista nuda...
[2025-10-16 14:14:41]  -> found 3 names: ['wood blewit', 'blue stalk mushroom', 'the blewit']
[2025-10-16 14:14:41] [94/169] Fetching common names for Leratiomyces ceres...
[2025-10-16 14:14:43]  -> found 2 names: ['Redlead Roundhead', 'the chip cherry']
[2025-10-16 14:14:43] [95/169] Fetching common names for Leucoagaricus americanus...
[2025-10-16 14:14:45]  -> none found
[2025-10-16 14:14:46] [96/169] Fetching common names for Leucoagaricus leucothites...
[2025-10-16 14:14:48]  -> found 1 names: ['the smooth parasol']
[2025-10-16 14:14:48] [97/169] Fetching common names for Lobaria pulmonaria...
[2025-10-16 14:14:50]  -> none found
[2025-10-16 14:14:50] [98/169] Fetching common names for Lycogala epidendrum...
[2025-10-16 14:14:52]  -> found 2 names: ["wolf's milk", "groening's slime"]
[2025-10-16 14:14:53] [99/169] Fetching common names for Lycoperdon perlatum...
[2025-10-16 14:14:55]  -> found 4 names: ["devil's snuff-box", 'common puffball', 'warted puffball', 'gem-studded puffball']
[2025-10-16 14:14:55] [100/169] Fetching common names for Lycoperdon pyriforme...
[2025-10-16 14:14:57]  -> none found
[2025-10-16 14:14:57] [101/169] Fetching common names for Macrolepiota procera...
[2025-10-16 14:14:59]  -> found 1 names: ['parasol mushroom']
[2025-10-16 14:14:59] [102/169] Fetching common names for Merulius tremellosus...
[2025-10-16 14:15:00]  -> none found
[2025-10-16 14:15:01] [103/169] Fetching common names for Mutinus ravenelii...
[2025-10-16 14:15:02]  -> found 1 names: ['stinkhorn']
[2025-10-16 14:15:03] [104/169] Fetching common names for Mycena haematopus...
[2025-10-16 14:15:11]  -> found 4 names: ['bleeding fairy helmet', 'burgundydrop bonnet', 'bleeding Mycena', 'the bleeding fairy helmet']
[2025-10-16 14:15:12] [105/169] Fetching common names for Mycena leaiana...
[2025-10-16 14:15:14]  -> found 3 names: ['orange mycena', "Lea's mycena", 'the orange mycena']
[2025-10-16 14:15:14] [106/169] Fetching common names for Nectria cinnabarina...
[2025-10-16 14:15:16]  -> found 1 names: ['coral spot']
[2025-10-16 14:15:16] [107/169] Fetching common names for Omphalotus illudens...
[2025-10-16 14:15:18]  -> found 1 names: ["the eastern jack-o'lantern mushroom"]
[2025-10-16 14:15:18] [108/169] Fetching common names for Omphalotus olivascens...
[2025-10-16 14:15:20]  -> found 1 names: ["the western jack-o'-lantern mushroom"]
[2025-10-16 14:15:20] [109/169] Fetching common names for Panaeolus papilionaceus...
[2025-10-16 14:15:22]  -> found 1 names: ['the bell-capped mottlegill']
[2025-10-16 14:15:22] [110/169] Fetching common names for Panellus stipticus...
[2025-10-16 14:15:24]  -> found 1 names: ['the bitter oyster']
[2025-10-16 14:15:25] [111/169] Fetching common names for Parmelia sulcata...
[2025-10-16 14:15:27]  -> found 3 names: ['the hammered shield lichen', 'cracked-shield lichen', '4\xa0in']
[2025-10-16 14:15:27] [112/169] Fetching common names for Paxillus involutus...
[2025-10-16 14:15:29]  -> found 5 names: ['brown roll-rim', 'common roll-rim', 'poison pax', 'the brown roll-rim', 'the common roll-rim']
[2025-10-16 14:15:29] [113/169] Fetching common names for Peltigera aphthosa...
[2025-10-16 14:15:32]  -> none found
[2025-10-16 14:15:32] [114/169] Fetching common names for Peltigera praetextata...
[2025-10-16 14:15:35]  -> none found
[2025-10-16 14:15:35] [115/169] Fetching common names for Phaeolus schweinitzii...
[2025-10-16 14:15:37]  -> found 1 names: ['velvet-top fungus']
[2025-10-16 14:15:37] [116/169] Fetching common names for Phaeophyscia orbicularis...
[2025-10-16 14:15:39]  -> none found
[2025-10-16 14:15:39] [117/169] Fetching common names for Phallus impudicus...
[2025-10-16 14:15:41]  -> found 1 names: ['Stinkhorn']
[2025-10-16 14:15:41] [118/169] Fetching common names for Phellinus igniarius...
[2025-10-16 14:15:43]  -> found 1 names: ['the willow bracket']
[2025-10-16 14:15:43] [119/169] Fetching common names for Phellinus tremulae...
[2025-10-16 14:15:45]  -> found 1 names: ['aspen bracket']
[2025-10-16 14:15:46] [120/169] Fetching common names for Phlebia radiata...
[2025-10-16 14:15:47]  -> found 1 names: ['the wrinkled crust']
[2025-10-16 14:15:48] [121/169] Fetching common names for Phlebia tremellosa...
[2025-10-16 14:15:49]  -> found 2 names: ['trembling Merulius', 'jelly rot']
[2025-10-16 14:15:50] [122/169] Fetching common names for Pholiota aurivella...
[2025-10-16 14:15:51]  -> found 1 names: ['the golden pholiota']
[2025-10-16 14:15:52] [123/169] Fetching common names for Pholiota squarrosa...
[2025-10-16 14:15:54]  -> found 1 names: ['the shaggy scalycap']
[2025-10-16 14:15:54] [124/169] Fetching common names for Phyllotopsis nidulans...
[2025-10-16 14:15:56]  -> found 4 names: ['orange oyster', 'mock oyster', 'the mock oyster', 'the orange oyster']
[2025-10-16 14:15:56] [125/169] Fetching common names for Physcia adscendens...
[2025-10-16 14:15:57]  -> none found
[2025-10-16 14:15:58] [126/169] Fetching common names for Platismatia glauca...
[2025-10-16 14:16:01]  -> found 2 names: ['apothecia', 'bark-dwelling']
[2025-10-16 14:16:01] [127/169] Fetching common names for Pleurotus ostreatus...
[2025-10-16 14:16:03]  -> found 3 names: ['oyster mushroom', 'pearl oyster mushroom', 'tree oyster mushroom']
[2025-10-16 14:16:03] [128/169] Fetching common names for Pleurotus pulmonarius...
[2025-10-16 14:16:06]  -> none found
[2025-10-16 14:16:06] [129/169] Fetching common names for Psathyrella candolleana...
[2025-10-16 14:16:08]  -> found 1 names: ['the common brittlestem']
[2025-10-16 14:16:09] [130/169] Fetching common names for Pseudevernia furfuracea...
[2025-10-16 14:16:11]  -> found 1 names: ['tree moss']
[2025-10-16 14:16:11] [131/169] Fetching common names for Pseudohydnum gelatinosum...
[2025-10-16 14:16:13]  -> found 2 names: ['toothed', 'the toothed jelly fungus']
[2025-10-16 14:16:13] [132/169] Fetching common names for Psilocybe azurescens...
[2025-10-16 14:16:15]  -> found 1 names: ['the flying saucer mushroom']
[2025-10-16 14:16:15] [133/169] Fetching common names for Psilocybe caerulescens...
[2025-10-16 14:16:18]  -> found 1 names: ['landslide mushroom']
[2025-10-16 14:16:18] [134/169] Fetching common names for Psilocybe cubensis...
[2025-10-16 14:16:20]  -> found 1 names: ['the magic mushroom']
[2025-10-16 14:16:20] [135/169] Fetching common names for Psilocybe cyanescens...
[2025-10-16 14:16:22]  -> found 2 names: ['the wavy cap', 'potent psilocybe']
[2025-10-16 14:16:22] [136/169] Fetching common names for Psilocybe ovoideocystidiata...
[2025-10-16 14:16:25]  -> found 1 names: ['ovoid']
[2025-10-16 14:16:25] [137/169] Fetching common names for Psilocybe pelliculosa...
[2025-10-16 14:16:27]  -> none found
[2025-10-16 14:16:27] [138/169] Fetching common names for Retiboletus ornatipes...
[2025-10-16 14:16:29]  -> found 2 names: ['the ornate-stalked bolete', 'goldstalk']
[2025-10-16 14:16:30] [139/169] Fetching common names for Rhytisma acerinum...
[2025-10-16 14:16:31]  -> none found
[2025-10-16 14:16:32] [140/169] Fetching common names for Sarcomyxa serotina...
[2025-10-16 14:16:33]  -> none found
[2025-10-16 14:16:34] [141/169] Fetching common names for Sarcoscypha austriaca...
[2025-10-16 14:16:35]  -> found 1 names: ['the scarlet elfcup']
[2025-10-16 14:16:36] [142/169] Fetching common names for Sarcosoma globosum...
[2025-10-16 14:16:38]  -> none found
[2025-10-16 14:16:38] [143/169] Fetching common names for Schizophyllum commune...
[2025-10-16 14:16:40]  -> found 1 names: ['Splitgill']
[2025-10-16 14:16:40] [144/169] Fetching common names for Stereum hirsutum...
[2025-10-16 14:16:42]  -> found 1 names: ['the false turkey tail']
[2025-10-16 14:16:42] [145/169] Fetching common names for Stereum ostrea...
[2025-10-16 14:16:44]  -> found 3 names: ['0.39–2.76\xa0in', 'false turkey-tail', 'golden curtain crust']
[2025-10-16 14:16:45] [146/169] Fetching common names for Stropharia aeruginosa...
[2025-10-16 14:16:46]  -> found 1 names: ['the blue-green stropharia']
[2025-10-16 14:16:47] [147/169] Fetching common names for Stropharia ambigua...
[2025-10-16 14:16:48]  -> none found
[2025-10-16 14:16:49] [148/169] Fetching common names for Suillus americanus...
[2025-10-16 14:16:51]  -> found 1 names: ['the chicken fat mushroom']
[2025-10-16 14:16:51] [149/169] Fetching common names for Suillus granulatus...
[2025-10-16 14:16:53]  -> found 2 names: ['weeping bolete', 'the weeping bolete']
[2025-10-16 14:16:53] [150/169] Fetching common names for Suillus grevillei...
[2025-10-16 14:16:55]  -> found 1 names: ['tamarack jack']
[2025-10-16 14:16:55] [151/169] Fetching common names for Suillus luteus...
[2025-10-16 14:16:57]  -> found 4 names: ['Slippery Jack', '5\xa0in', '1.2\xa0in', '4\xa0in']
[2025-10-16 14:16:58] [152/169] Fetching common names for Suillus spraguei...
[2025-10-16 14:16:59]  -> none found
[2025-10-16 14:17:00] [153/169] Fetching common names for Tapinella atrotomentosa...
[2025-10-16 14:17:02]  -> found 4 names: ['velvet roll-rim', 'velvet-footed pax', 'the velvet roll-rim', 'velvet-footed tap']
[2025-10-16 14:17:02] [154/169] Fetching common names for Trametes betulina...
[2025-10-16 14:17:03]  -> none found
[2025-10-16 14:17:04] [155/169] Fetching common names for Trametes gibbosa...
[2025-10-16 14:17:05]  -> found 1 names: ['the lumpy bracket']
[2025-10-16 14:17:06] [156/169] Fetching common names for Trametes hirsuta...
[2025-10-16 14:17:07]  -> found 2 names: ['hairy turkey tail', 'hairy bracket']
[2025-10-16 14:17:08] [157/169] Fetching common names for Trametes ochracea...
[2025-10-16 14:17:09]  -> none found
[2025-10-16 14:17:10] [158/169] Fetching common names for Trametes versicolor...
[2025-10-16 14:17:12]  -> none found
[2025-10-16 14:17:12] [159/169] Fetching common names for Tremella mesenterica...
[2025-10-16 14:17:14]  -> found 1 names: ['3\xa0in']
[2025-10-16 14:17:14] [160/169] Fetching common names for Trichaptum biforme...
[2025-10-16 14:17:17]  -> found 1 names: ['the violet-pored bracket fungus']
[2025-10-16 14:17:17] [161/169] Fetching common names for Tricholoma murrillianum...
[2025-10-16 14:17:19]  -> found 1 names: ['the ponderosa mushroom']
[2025-10-16 14:17:19] [162/169] Fetching common names for Tricholomopsis rutilans...
[2025-10-16 14:17:21]  -> found 2 names: ['plums', 'custard']
[2025-10-16 14:17:21] [163/169] Fetching common names for Tylopilus felleus...
[2025-10-16 14:17:23]  -> found 4 names: ['bitter bolete', 'bitter tylopilus', 'the bitter bolete', 'the bitter tylopilus']
[2025-10-16 14:17:23] [164/169] Fetching common names for Tylopilus rubrobrunneus...
[2025-10-16 14:17:25]  -> found 2 names: ['reddish brown bitter bolete', 'the reddish brown bitter bolete']
[2025-10-16 14:17:26] [165/169] Fetching common names for Urnula craterium...
[2025-10-16 14:17:27]  -> found 1 names: ['imperfect']
[2025-10-16 14:17:28] [166/169] Fetching common names for Verpa bohemica...
[2025-10-16 14:17:29]  -> found 2 names: ['the early morel', 'the wrinkled thimble-cap']
[2025-10-16 14:17:30] [167/169] Fetching common names for Volvopluteus gloiocephalus...
[2025-10-16 14:17:32]  -> found 4 names: ['big sheath mushroom', 'rose-gilled grisette', 'stubble rosegill', 'the big sheath mushroom']
[2025-10-16 14:17:32] [168/169] Fetching common names for Vulpicida pinastri...
[2025-10-16 14:17:34]  -> none found
[2025-10-16 14:17:35] [169/169] Fetching common names for Xanthoria parietina...
[2025-10-16 14:17:37]  -> found 1 names: ['the yellow wall lichen']
[2025-10-16 14:17:37] Done. Species scanned: 169. Updated with common names for 109 species.
[2025-10-16 14:17:37] Wrote: /zfs/ai4good/student/hgupta/enhanced_with_common_names_prompts.json, /zfs/ai4good/student/hgupta/common_names_cache.json, /zfs/ai4good/student/hgupta/common_names_mapping.csv
