/zfs/ai4good/student/hgupta/mushroom_env/lib/python3.12/site-packages/sklearn/metrics/_classification.py:2801: UserWarning: y_pred contains classes not in y_true
  warnings.warn("y_pred contains classes not in y_true")
/zfs/ai4good/student/hgupta/mushroom_env/lib/python3.12/site-packages/sklearn/metrics/_classification.py:2801: UserWarning: y_pred contains classes not in y_true
  warnings.warn("y_pred contains classes not in y_true")
/zfs/ai4good/student/hgupta/mushroom_env/lib/python3.12/site-packages/sklearn/metrics/_classification.py:2801: UserWarning: y_pred contains classes not in y_true
  warnings.warn("y_pred contains classes not in y_true")
/zfs/ai4good/student/hgupta/mushroom_env/lib/python3.12/site-packages/sklearn/metrics/_classification.py:2801: UserWarning: y_pred contains classes not in y_true
  warnings.warn("y_pred contains classes not in y_true")
/zfs/ai4good/student/hgupta/mushroom_env/lib/python3.12/site-packages/sklearn/metrics/_classification.py:2801: UserWarning: y_pred contains classes not in y_true
  warnings.warn("y_pred contains classes not in y_true")
/zfs/ai4good/student/hgupta/mushroom_env/lib/python3.12/site-packages/sklearn/metrics/_classification.py:2801: UserWarning: y_pred contains classes not in y_true
  warnings.warn("y_pred contains classes not in y_true")
/zfs/ai4good/student/hgupta/mushroom_env/lib/python3.12/site-packages/sklearn/metrics/_classification.py:2801: UserWarning: y_pred contains classes not in y_true
  warnings.warn("y_pred contains classes not in y_true")
/zfs/ai4good/student/hgupta/mushroom_env/lib/python3.12/site-packages/sklearn/metrics/_classification.py:2801: UserWarning: y_pred contains classes not in y_true
  warnings.warn("y_pred contains classes not in y_true")
/zfs/ai4good/student/hgupta/mushroom_env/lib/python3.12/site-packages/sklearn/metrics/_classification.py:2801: UserWarning: y_pred contains classes not in y_true
  warnings.warn("y_pred contains classes not in y_true")
/zfs/ai4good/student/hgupta/mushroom_env/lib/python3.12/site-packages/sklearn/metrics/_classification.py:2801: UserWarning: y_pred contains classes not in y_true
  warnings.warn("y_pred contains classes not in y_true")
/zfs/ai4good/student/hgupta/mushroom_env/lib/python3.12/site-packages/sklearn/metrics/_classification.py:2801: UserWarning: y_pred contains classes not in y_true
  warnings.warn("y_pred contains classes not in y_true")
Loaded val=200, test=15614, classes=169
Computing CLIP probabilities (val)...
Computing CLIP probabilities (test)...
Computing ResNet probabilities (val/test)...

=== Fusion Summary ===
Best alpha (val): 0.0
Test metrics: top1=0.185, top5=0.341, bal_acc=0.108, macro_f1=0.075
Saved fusion_alpha_sweep.png
Computing image embeddings...
Wrote prompt_discriminativeness.csv
Wrote ./delta_prompts.pruned.json
Running fusion on full test set with pruned prompts...
Fusion complete. Results in fusion_results_full_pruned.json
