/zfs/ai4good/student/hgupta/mushroom_env/lib/python3.12/site-packages/sklearn/linear_model/_logistic.py:1272: FutureWarning: 'multi_class' was deprecated in version 1.5 and will be removed in 1.8. From then on, it will always use 'multinomial'. Leave it to its default value to avoid this warning.
  warnings.warn(
/zfs/ai4good/student/hgupta/mushroom_env/lib/python3.12/site-packages/sklearn/metrics/_classification.py:2801: UserWarning: y_pred contains classes not in y_true
  warnings.warn("y_pred contains classes not in y_true")
/zfs/ai4good/student/hgupta/mushroom_env/lib/python3.12/site-packages/sklearn/metrics/_classification.py:99: UserWarning: The number of unique classes is greater than 50% of the number of samples. `y` could represent a regression problem, not a classification problem.
  type_pred = type_of_target(y_pred, input_name="y_pred")
/zfs/ai4good/student/hgupta/mushroom_env/lib/python3.12/site-packages/sklearn/utils/multiclass.py:79: UserWarning: The number of unique classes is greater than 50% of the number of samples. `y` could represent a regression problem, not a classification problem.
  ys_types = set(type_of_target(x) for x in ys)
/zfs/ai4good/student/hgupta/mushroom_env/lib/python3.12/site-packages/sklearn/metrics/_classification.py:2801: UserWarning: y_pred contains classes not in y_true
  warnings.warn("y_pred contains classes not in y_true")
/zfs/ai4good/student/hgupta/mushroom_env/lib/python3.12/site-packages/sklearn/metrics/_classification.py:99: UserWarning: The number of unique classes is greater than 50% of the number of samples. `y` could represent a regression problem, not a classification problem.
  type_pred = type_of_target(y_pred, input_name="y_pred")
/zfs/ai4good/student/hgupta/mushroom_env/lib/python3.12/site-packages/sklearn/utils/multiclass.py:79: UserWarning: The number of unique classes is greater than 50% of the number of samples. `y` could represent a regression problem, not a classification problem.
  ys_types = set(type_of_target(x) for x in ys)
/zfs/ai4good/student/hgupta/mushroom_env/lib/python3.12/site-packages/sklearn/metrics/_classification.py:99: UserWarning: The number of unique classes is greater than 50% of the number of samples. `y` could represent a regression problem, not a classification problem.
  type_pred = type_of_target(y_pred, input_name="y_pred")
/zfs/ai4good/student/hgupta/mushroom_env/lib/python3.12/site-packages/sklearn/utils/multiclass.py:79: UserWarning: The number of unique classes is greater than 50% of the number of samples. `y` could represent a regression problem, not a classification problem.
  ys_types = set(type_of_target(x) for x in ys)
/zfs/ai4good/student/hgupta/mushroom_env/lib/python3.12/site-packages/sklearn/metrics/_classification.py:99: UserWarning: The number of unique classes is greater than 50% of the number of samples. `y` could represent a regression problem, not a classification problem.
  type_pred = type_of_target(y_pred, input_name="y_pred")
/zfs/ai4good/student/hgupta/mushroom_env/lib/python3.12/site-packages/sklearn/utils/multiclass.py:79: UserWarning: The number of unique classes is greater than 50% of the number of samples. `y` could represent a regression problem, not a classification problem.
  ys_types = set(type_of_target(x) for x in ys)
/zfs/ai4good/student/hgupta/mushroom_env/lib/python3.12/site-packages/sklearn/metrics/_classification.py:2801: UserWarning: y_pred contains classes not in y_true
  warnings.warn("y_pred contains classes not in y_true")
/zfs/ai4good/student/hgupta/mushroom_env/lib/python3.12/site-packages/sklearn/metrics/_classification.py:99: UserWarning: The number of unique classes is greater than 50% of the number of samples. `y` could represent a regression problem, not a classification problem.
  type_pred = type_of_target(y_pred, input_name="y_pred")
/zfs/ai4good/student/hgupta/mushroom_env/lib/python3.12/site-packages/sklearn/utils/multiclass.py:79: UserWarning: The number of unique classes is greater than 50% of the number of samples. `y` could represent a regression problem, not a classification problem.
  ys_types = set(type_of_target(x) for x in ys)
/zfs/ai4good/student/hgupta/mushroom_env/lib/python3.12/site-packages/sklearn/metrics/_classification.py:99: UserWarning: The number of unique classes is greater than 50% of the number of samples. `y` could represent a regression problem, not a classification problem.
  type_pred = type_of_target(y_pred, input_name="y_pred")
/zfs/ai4good/student/hgupta/mushroom_env/lib/python3.12/site-packages/sklearn/utils/multiclass.py:79: UserWarning: The number of unique classes is greater than 50% of the number of samples. `y` could represent a regression problem, not a classification problem.
  ys_types = set(type_of_target(x) for x in ys)
/zfs/ai4good/student/hgupta/mushroom_env/lib/python3.12/site-packages/sklearn/metrics/_classification.py:99: UserWarning: The number of unique classes is greater than 50% of the number of samples. `y` could represent a regression problem, not a classification problem.
  type_pred = type_of_target(y_pred, input_name="y_pred")
/zfs/ai4good/student/hgupta/mushroom_env/lib/python3.12/site-packages/sklearn/utils/multiclass.py:79: UserWarning: The number of unique classes is greater than 50% of the number of samples. `y` could represent a regression problem, not a classification problem.
  ys_types = set(type_of_target(x) for x in ys)
/zfs/ai4good/student/hgupta/mushroom_env/lib/python3.12/site-packages/sklearn/metrics/_classification.py:2801: UserWarning: y_pred contains classes not in y_true
  warnings.warn("y_pred contains classes not in y_true")
/zfs/ai4good/student/hgupta/mushroom_env/lib/python3.12/site-packages/sklearn/metrics/_classification.py:99: UserWarning: The number of unique classes is greater than 50% of the number of samples. `y` could represent a regression problem, not a classification problem.
  type_pred = type_of_target(y_pred, input_name="y_pred")
/zfs/ai4good/student/hgupta/mushroom_env/lib/python3.12/site-packages/sklearn/utils/multiclass.py:79: UserWarning: The number of unique classes is greater than 50% of the number of samples. `y` could represent a regression problem, not a classification problem.
  ys_types = set(type_of_target(x) for x in ys)
/zfs/ai4good/student/hgupta/mushroom_env/lib/python3.12/site-packages/sklearn/metrics/_classification.py:99: UserWarning: The number of unique classes is greater than 50% of the number of samples. `y` could represent a regression problem, not a classification problem.
  type_pred = type_of_target(y_pred, input_name="y_pred")
/zfs/ai4good/student/hgupta/mushroom_env/lib/python3.12/site-packages/sklearn/utils/multiclass.py:79: UserWarning: The number of unique classes is greater than 50% of the number of samples. `y` could represent a regression problem, not a classification problem.
  ys_types = set(type_of_target(x) for x in ys)
/zfs/ai4good/student/hgupta/mushroom_env/lib/python3.12/site-packages/sklearn/metrics/_classification.py:99: UserWarning: The number of unique classes is greater than 50% of the number of samples. `y` could represent a regression problem, not a classification problem.
  type_pred = type_of_target(y_pred, input_name="y_pred")
/zfs/ai4good/student/hgupta/mushroom_env/lib/python3.12/site-packages/sklearn/utils/multiclass.py:79: UserWarning: The number of unique classes is greater than 50% of the number of samples. `y` could represent a regression problem, not a classification problem.
  ys_types = set(type_of_target(x) for x in ys)
/zfs/ai4good/student/hgupta/mushroom_env/lib/python3.12/site-packages/sklearn/metrics/_classification.py:2801: UserWarning: y_pred contains classes not in y_true
  warnings.warn("y_pred contains classes not in y_true")
/zfs/ai4good/student/hgupta/mushroom_env/lib/python3.12/site-packages/sklearn/metrics/_classification.py:99: UserWarning: The number of unique classes is greater than 50% of the number of samples. `y` could represent a regression problem, not a classification problem.
  type_pred = type_of_target(y_pred, input_name="y_pred")
/zfs/ai4good/student/hgupta/mushroom_env/lib/python3.12/site-packages/sklearn/utils/multiclass.py:79: UserWarning: The number of unique classes is greater than 50% of the number of samples. `y` could represent a regression problem, not a classification problem.
  ys_types = set(type_of_target(x) for x in ys)
/zfs/ai4good/student/hgupta/mushroom_env/lib/python3.12/site-packages/sklearn/metrics/_classification.py:99: UserWarning: The number of unique classes is greater than 50% of the number of samples. `y` could represent a regression problem, not a classification problem.
  type_pred = type_of_target(y_pred, input_name="y_pred")
/zfs/ai4good/student/hgupta/mushroom_env/lib/python3.12/site-packages/sklearn/utils/multiclass.py:79: UserWarning: The number of unique classes is greater than 50% of the number of samples. `y` could represent a regression problem, not a classification problem.
  ys_types = set(type_of_target(x) for x in ys)
/zfs/ai4good/student/hgupta/mushroom_env/lib/python3.12/site-packages/sklearn/metrics/_classification.py:99: UserWarning: The number of unique classes is greater than 50% of the number of samples. `y` could represent a regression problem, not a classification problem.
  type_pred = type_of_target(y_pred, input_name="y_pred")
/zfs/ai4good/student/hgupta/mushroom_env/lib/python3.12/site-packages/sklearn/utils/multiclass.py:79: UserWarning: The number of unique classes is greater than 50% of the number of samples. `y` could represent a regression problem, not a classification problem.
  ys_types = set(type_of_target(x) for x in ys)
/zfs/ai4good/student/hgupta/mushroom_env/lib/python3.12/site-packages/sklearn/metrics/_classification.py:2801: UserWarning: y_pred contains classes not in y_true
  warnings.warn("y_pred contains classes not in y_true")
/zfs/ai4good/student/hgupta/mushroom_env/lib/python3.12/site-packages/sklearn/metrics/_classification.py:99: UserWarning: The number of unique classes is greater than 50% of the number of samples. `y` could represent a regression problem, not a classification problem.
  type_pred = type_of_target(y_pred, input_name="y_pred")
/zfs/ai4good/student/hgupta/mushroom_env/lib/python3.12/site-packages/sklearn/utils/multiclass.py:79: UserWarning: The number of unique classes is greater than 50% of the number of samples. `y` could represent a regression problem, not a classification problem.
  ys_types = set(type_of_target(x) for x in ys)
/zfs/ai4good/student/hgupta/mushroom_env/lib/python3.12/site-packages/sklearn/metrics/_classification.py:99: UserWarning: The number of unique classes is greater than 50% of the number of samples. `y` could represent a regression problem, not a classification problem.
  type_pred = type_of_target(y_pred, input_name="y_pred")
/zfs/ai4good/student/hgupta/mushroom_env/lib/python3.12/site-packages/sklearn/utils/multiclass.py:79: UserWarning: The number of unique classes is greater than 50% of the number of samples. `y` could represent a regression problem, not a classification problem.
  ys_types = set(type_of_target(x) for x in ys)
/zfs/ai4good/student/hgupta/mushroom_env/lib/python3.12/site-packages/sklearn/metrics/_classification.py:99: UserWarning: The number of unique classes is greater than 50% of the number of samples. `y` could represent a regression problem, not a classification problem.
  type_pred = type_of_target(y_pred, input_name="y_pred")
/zfs/ai4good/student/hgupta/mushroom_env/lib/python3.12/site-packages/sklearn/utils/multiclass.py:79: UserWarning: The number of unique classes is greater than 50% of the number of samples. `y` could represent a regression problem, not a classification problem.
  ys_types = set(type_of_target(x) for x in ys)
/zfs/ai4good/student/hgupta/mushroom_env/lib/python3.12/site-packages/sklearn/metrics/_classification.py:2801: UserWarning: y_pred contains classes not in y_true
  warnings.warn("y_pred contains classes not in y_true")
/zfs/ai4good/student/hgupta/mushroom_env/lib/python3.12/site-packages/sklearn/metrics/_classification.py:99: UserWarning: The number of unique classes is greater than 50% of the number of samples. `y` could represent a regression problem, not a classification problem.
  type_pred = type_of_target(y_pred, input_name="y_pred")
/zfs/ai4good/student/hgupta/mushroom_env/lib/python3.12/site-packages/sklearn/utils/multiclass.py:79: UserWarning: The number of unique classes is greater than 50% of the number of samples. `y` could represent a regression problem, not a classification problem.
  ys_types = set(type_of_target(x) for x in ys)
/zfs/ai4good/student/hgupta/mushroom_env/lib/python3.12/site-packages/sklearn/metrics/_classification.py:99: UserWarning: The number of unique classes is greater than 50% of the number of samples. `y` could represent a regression problem, not a classification problem.
  type_pred = type_of_target(y_pred, input_name="y_pred")
/zfs/ai4good/student/hgupta/mushroom_env/lib/python3.12/site-packages/sklearn/utils/multiclass.py:79: UserWarning: The number of unique classes is greater than 50% of the number of samples. `y` could represent a regression problem, not a classification problem.
  ys_types = set(type_of_target(x) for x in ys)
/zfs/ai4good/student/hgupta/mushroom_env/lib/python3.12/site-packages/sklearn/metrics/_classification.py:99: UserWarning: The number of unique classes is greater than 50% of the number of samples. `y` could represent a regression problem, not a classification problem.
  type_pred = type_of_target(y_pred, input_name="y_pred")
/zfs/ai4good/student/hgupta/mushroom_env/lib/python3.12/site-packages/sklearn/utils/multiclass.py:79: UserWarning: The number of unique classes is greater than 50% of the number of samples. `y` could represent a regression problem, not a classification problem.
  ys_types = set(type_of_target(x) for x in ys)
/zfs/ai4good/student/hgupta/mushroom_env/lib/python3.12/site-packages/sklearn/metrics/_classification.py:2801: UserWarning: y_pred contains classes not in y_true
  warnings.warn("y_pred contains classes not in y_true")
/zfs/ai4good/student/hgupta/mushroom_env/lib/python3.12/site-packages/sklearn/metrics/_classification.py:99: UserWarning: The number of unique classes is greater than 50% of the number of samples. `y` could represent a regression problem, not a classification problem.
  type_pred = type_of_target(y_pred, input_name="y_pred")
/zfs/ai4good/student/hgupta/mushroom_env/lib/python3.12/site-packages/sklearn/utils/multiclass.py:79: UserWarning: The number of unique classes is greater than 50% of the number of samples. `y` could represent a regression problem, not a classification problem.
  ys_types = set(type_of_target(x) for x in ys)
/zfs/ai4good/student/hgupta/mushroom_env/lib/python3.12/site-packages/sklearn/metrics/_classification.py:99: UserWarning: The number of unique classes is greater than 50% of the number of samples. `y` could represent a regression problem, not a classification problem.
  type_pred = type_of_target(y_pred, input_name="y_pred")
/zfs/ai4good/student/hgupta/mushroom_env/lib/python3.12/site-packages/sklearn/utils/multiclass.py:79: UserWarning: The number of unique classes is greater than 50% of the number of samples. `y` could represent a regression problem, not a classification problem.
  ys_types = set(type_of_target(x) for x in ys)
/zfs/ai4good/student/hgupta/mushroom_env/lib/python3.12/site-packages/sklearn/metrics/_classification.py:99: UserWarning: The number of unique classes is greater than 50% of the number of samples. `y` could represent a regression problem, not a classification problem.
  type_pred = type_of_target(y_pred, input_name="y_pred")
/zfs/ai4good/student/hgupta/mushroom_env/lib/python3.12/site-packages/sklearn/utils/multiclass.py:79: UserWarning: The number of unique classes is greater than 50% of the number of samples. `y` could represent a regression problem, not a classification problem.
  ys_types = set(type_of_target(x) for x in ys)
/zfs/ai4good/student/hgupta/mushroom_env/lib/python3.12/site-packages/sklearn/metrics/_classification.py:2801: UserWarning: y_pred contains classes not in y_true
  warnings.warn("y_pred contains classes not in y_true")
/zfs/ai4good/student/hgupta/mushroom_env/lib/python3.12/site-packages/sklearn/metrics/_classification.py:99: UserWarning: The number of unique classes is greater than 50% of the number of samples. `y` could represent a regression problem, not a classification problem.
  type_pred = type_of_target(y_pred, input_name="y_pred")
/zfs/ai4good/student/hgupta/mushroom_env/lib/python3.12/site-packages/sklearn/utils/multiclass.py:79: UserWarning: The number of unique classes is greater than 50% of the number of samples. `y` could represent a regression problem, not a classification problem.
  ys_types = set(type_of_target(x) for x in ys)
/zfs/ai4good/student/hgupta/mushroom_env/lib/python3.12/site-packages/sklearn/metrics/_classification.py:99: UserWarning: The number of unique classes is greater than 50% of the number of samples. `y` could represent a regression problem, not a classification problem.
  type_pred = type_of_target(y_pred, input_name="y_pred")
/zfs/ai4good/student/hgupta/mushroom_env/lib/python3.12/site-packages/sklearn/utils/multiclass.py:79: UserWarning: The number of unique classes is greater than 50% of the number of samples. `y` could represent a regression problem, not a classification problem.
  ys_types = set(type_of_target(x) for x in ys)
/zfs/ai4good/student/hgupta/mushroom_env/lib/python3.12/site-packages/sklearn/metrics/_classification.py:99: UserWarning: The number of unique classes is greater than 50% of the number of samples. `y` could represent a regression problem, not a classification problem.
  type_pred = type_of_target(y_pred, input_name="y_pred")
/zfs/ai4good/student/hgupta/mushroom_env/lib/python3.12/site-packages/sklearn/utils/multiclass.py:79: UserWarning: The number of unique classes is greater than 50% of the number of samples. `y` could represent a regression problem, not a classification problem.
  ys_types = set(type_of_target(x) for x in ys)
/zfs/ai4good/student/hgupta/mushroom_env/lib/python3.12/site-packages/sklearn/metrics/_classification.py:2801: UserWarning: y_pred contains classes not in y_true
  warnings.warn("y_pred contains classes not in y_true")
/zfs/ai4good/student/hgupta/mushroom_env/lib/python3.12/site-packages/sklearn/metrics/_classification.py:99: UserWarning: The number of unique classes is greater than 50% of the number of samples. `y` could represent a regression problem, not a classification problem.
  type_pred = type_of_target(y_pred, input_name="y_pred")
/zfs/ai4good/student/hgupta/mushroom_env/lib/python3.12/site-packages/sklearn/utils/multiclass.py:79: UserWarning: The number of unique classes is greater than 50% of the number of samples. `y` could represent a regression problem, not a classification problem.
  ys_types = set(type_of_target(x) for x in ys)
/zfs/ai4good/student/hgupta/mushroom_env/lib/python3.12/site-packages/sklearn/metrics/_classification.py:99: UserWarning: The number of unique classes is greater than 50% of the number of samples. `y` could represent a regression problem, not a classification problem.
  type_pred = type_of_target(y_pred, input_name="y_pred")
/zfs/ai4good/student/hgupta/mushroom_env/lib/python3.12/site-packages/sklearn/utils/multiclass.py:79: UserWarning: The number of unique classes is greater than 50% of the number of samples. `y` could represent a regression problem, not a classification problem.
  ys_types = set(type_of_target(x) for x in ys)
/zfs/ai4good/student/hgupta/mushroom_env/lib/python3.12/site-packages/sklearn/metrics/_classification.py:99: UserWarning: The number of unique classes is greater than 50% of the number of samples. `y` could represent a regression problem, not a classification problem.
  type_pred = type_of_target(y_pred, input_name="y_pred")
/zfs/ai4good/student/hgupta/mushroom_env/lib/python3.12/site-packages/sklearn/utils/multiclass.py:79: UserWarning: The number of unique classes is greater than 50% of the number of samples. `y` could represent a regression problem, not a classification problem.
  ys_types = set(type_of_target(x) for x in ys)
/zfs/ai4good/student/hgupta/mushroom_env/lib/python3.12/site-packages/sklearn/metrics/_classification.py:2801: UserWarning: y_pred contains classes not in y_true
  warnings.warn("y_pred contains classes not in y_true")
/zfs/ai4good/student/hgupta/mushroom_env/lib/python3.12/site-packages/sklearn/metrics/_classification.py:99: UserWarning: The number of unique classes is greater than 50% of the number of samples. `y` could represent a regression problem, not a classification problem.
  type_pred = type_of_target(y_pred, input_name="y_pred")
/zfs/ai4good/student/hgupta/mushroom_env/lib/python3.12/site-packages/sklearn/utils/multiclass.py:79: UserWarning: The number of unique classes is greater than 50% of the number of samples. `y` could represent a regression problem, not a classification problem.
  ys_types = set(type_of_target(x) for x in ys)
/zfs/ai4good/student/hgupta/mushroom_env/lib/python3.12/site-packages/sklearn/metrics/_classification.py:99: UserWarning: The number of unique classes is greater than 50% of the number of samples. `y` could represent a regression problem, not a classification problem.
  type_pred = type_of_target(y_pred, input_name="y_pred")
/zfs/ai4good/student/hgupta/mushroom_env/lib/python3.12/site-packages/sklearn/utils/multiclass.py:79: UserWarning: The number of unique classes is greater than 50% of the number of samples. `y` could represent a regression problem, not a classification problem.
  ys_types = set(type_of_target(x) for x in ys)
Loaded val=200, test=15614, classes=169
Computing CLIP probs (val)
Computing CLIP probs (test)
Computing ResNet probs (val/test)
Training logistic regression stacker (multinomial)...
Predicting on test...
Computing alpha sweep baseline (val)

=== Results Summary ===
Stacked (LR) Test: top1=0.002, top5=0.013, bal_acc=0.006, macro_f1=0.000
Best-alpha (val->test) alpha=0.1 Test: top1=0.594, top5=0.869
Saved results to /zfs/ai4good/student/hgupta/fusion_results_delta_full.json
