Loading full train split...
Full train size: 689520
Building half-splits per class...
Saved splits: /zfs/ai4good/student/hgupta/experiment_results/splits/train_half.csv (344760), /zfs/ai4good/student/hgupta/experiment_results/splits/held_half.csv (344760)
Number of classes: 169
Epoch 1/10  train_loss=3.8372 train_acc=0.1537  val_acc=0.2337  time=694.3s
Saved best checkpoint to /zfs/ai4good/student/hgupta/experiment_results/ckpt_resnet_half.pth
Epoch 2/10  train_loss=2.5945 train_acc=0.3600  val_acc=0.3065  time=693.6s
Saved best checkpoint to /zfs/ai4good/student/hgupta/experiment_results/ckpt_resnet_half.pth
Epoch 3/10  train_loss=1.8928 train_acc=0.5089  val_acc=0.4850  time=694.4s
Saved best checkpoint to /zfs/ai4good/student/hgupta/experiment_results/ckpt_resnet_half.pth
Epoch 4/10  train_loss=1.4528 train_acc=0.6106  val_acc=0.5497  time=693.1s
Saved best checkpoint to /zfs/ai4good/student/hgupta/experiment_results/ckpt_resnet_half.pth
Epoch 5/10  train_loss=1.1512 train_acc=0.6854  val_acc=0.6321  time=695.1s
Saved best checkpoint to /zfs/ai4good/student/hgupta/experiment_results/ckpt_resnet_half.pth
Epoch 6/10  train_loss=0.9231 train_acc=0.7456  val_acc=0.6788  time=697.1s
Saved best checkpoint to /zfs/ai4good/student/hgupta/experiment_results/ckpt_resnet_half.pth
Epoch 7/10  train_loss=0.7445 train_acc=0.7945  val_acc=0.7527  time=695.9s
Saved best checkpoint to /zfs/ai4good/student/hgupta/experiment_results/ckpt_resnet_half.pth
Epoch 8/10  train_loss=0.6068 train_acc=0.8322  val_acc=0.7764  time=695.9s
Saved best checkpoint to /zfs/ai4good/student/hgupta/experiment_results/ckpt_resnet_half.pth
Epoch 9/10  train_loss=0.4989 train_acc=0.8632  val_acc=0.8003  time=696.8s
Saved best checkpoint to /zfs/ai4good/student/hgupta/experiment_results/ckpt_resnet_half.pth
Epoch 10/10  train_loss=0.4118 train_acc=0.8876  val_acc=0.8053  time=692.6s
Saved best checkpoint to /zfs/ai4good/student/hgupta/experiment_results/ckpt_resnet_half.pth
Done. Checkpoint and metadata written to experiment_results/
